<?xml version="1.0" encoding="UTF-8"?>
<!-- Generated by org.testng.reporters.JUnitReportReporter -->
<testsuite skipped="0" hostname="SBR-DEVP-157" name="com.qa.test.postAPITestClass" tests="1" failures="0" timestamp="07 Sep 2018 12:07:43 GMT" time="1.452" errors="0">
  <testcase name="postAPITest" time="1.452" classname="com.qa.test.postAPITestClass"/>
</testsuite> <!-- com.qa.test.postAPITestClass -->
