<?xml version="1.0" encoding="UTF-8"?>
<!-- Generated by org.testng.reporters.JUnitReportReporter -->
<testsuite skipped="0" hostname="SBR-DEVP-157" name="com.qa.test.getAPITestClass" tests="2" failures="0" timestamp="07 Sep 2018 06:51:00 GMT" time="1.926" errors="0">
  <testcase name="getAPITestWithoutHeaders" time="1.200" classname="com.qa.test.getAPITestClass"/>
  <testcase name="getAPITestWithHeaders" time="0.726" classname="com.qa.test.getAPITestClass"/>
</testsuite> <!-- com.qa.test.getAPITestClass -->
